<?xml version="1.0" encoding="UTF-8"?>
<coverage generated="1773491249570" clover="3.2.0">
  <project timestamp="1773491249570" name="All files">
    <metrics statements="120" coveredstatements="115" conditionals="122" coveredconditionals="107" methods="19" coveredmethods="19" elements="261" coveredelements="241" complexity="0" loc="120" ncloc="120" packages="1" files="2" classes="2"/>
    <file name="astAnalyser.js" path="C:\Supreeth\Projects\cognitive-campus\server\services\astAnalyser.js">
      <metrics statements="91" coveredstatements="86" conditionals="118" coveredconditionals="104" methods="11" coveredmethods="11"/>
      <line num="14" count="1" type="stmt"/>
      <line num="22" count="8" type="cond" truecount="0" falsecount="1"/>
      <line num="39" count="1" type="stmt"/>
      <line num="40" count="221" type="stmt"/>
      <line num="47" count="221" type="cond" truecount="2" falsecount="0"/>
      <line num="58" count="1" type="cond" truecount="1" falsecount="0"/>
      <line num="59" count="442" type="cond" truecount="3" falsecount="1"/>
      <line num="61" count="442" type="stmt"/>
      <line num="63" count="442" type="stmt"/>
      <line num="64" count="2196" type="stmt"/>
      <line num="65" count="2196" type="cond" truecount="2" falsecount="0"/>
      <line num="66" count="86" type="stmt"/>
      <line num="67" count="104" type="cond" truecount="4" falsecount="1"/>
      <line num="68" count="104" type="stmt"/>
      <line num="71" count="2110" type="cond" truecount="5" falsecount="0"/>
      <line num="72" count="324" type="stmt"/>
      <line num="84" count="1" type="stmt"/>
      <line num="86" count="157" type="cond" truecount="5" falsecount="0"/>
      <line num="87" count="1" type="cond" truecount="1" falsecount="1"/>
      <line num="88" count="1" type="cond" truecount="1" falsecount="1"/>
      <line num="91" count="157" type="cond" truecount="2" falsecount="0"/>
      <line num="92" count="1" type="stmt"/>
      <line num="94" count="157" type="cond" truecount="1" falsecount="1"/>
      <line num="100" count="0" type="stmt"/>
      <line num="103" count="157" type="cond" truecount="1" falsecount="1"/>
      <line num="104" count="0" type="stmt"/>
      <line num="117" count="1" type="stmt"/>
      <line num="118" count="7" type="cond" truecount="4" falsecount="0"/>
      <line num="119" count="6" type="cond" truecount="2" falsecount="0"/>
      <line num="120" count="5" type="cond" truecount="2" falsecount="0"/>
      <line num="121" count="4" type="cond" truecount="5" falsecount="0"/>
      <line num="122" count="1" type="stmt"/>
      <line num="124" count="3" type="cond" truecount="2" falsecount="0"/>
      <line num="125" count="1" type="cond" truecount="3" falsecount="1"/>
      <line num="126" count="0" type="stmt"/>
      <line num="139" count="1" type="stmt"/>
      <line num="142" count="8" type="stmt"/>
      <line num="143" count="8" type="stmt"/>
      <line num="145" count="1" type="stmt"/>
      <line num="148" count="7" type="stmt"/>
      <line num="149" count="7" type="stmt"/>
      <line num="150" count="7" type="stmt"/>
      <line num="151" count="7" type="stmt"/>
      <line num="152" count="7" type="stmt"/>
      <line num="155" count="7" type="stmt"/>
      <line num="157" count="7" type="stmt"/>
      <line num="158" count="221" type="cond" truecount="4" falsecount="0"/>
      <line num="159" count="7" type="stmt"/>
      <line num="161" count="221" type="cond" truecount="1" falsecount="1"/>
      <line num="165" count="0" type="stmt"/>
      <line num="171" count="7" type="stmt"/>
      <line num="172" count="221" type="cond" truecount="1" falsecount="1"/>
      <line num="179" count="0" type="stmt"/>
      <line num="190" count="7" type="stmt"/>
      <line num="191" count="221" type="cond" truecount="3" falsecount="1"/>
      <line num="194" count="221" type="stmt"/>
      <line num="195" count="221" type="cond" truecount="2" falsecount="0"/>
      <line num="196" count="7" type="stmt"/>
      <line num="200" count="221" type="stmt"/>
      <line num="201" count="221" type="cond" truecount="2" falsecount="0"/>
      <line num="202" count="8" type="stmt"/>
      <line num="203" count="8" type="stmt"/>
      <line num="204" count="8" type="stmt"/>
      <line num="208" count="221" type="cond" truecount="4" falsecount="0"/>
      <line num="209" count="157" type="stmt"/>
      <line num="213" count="221" type="cond" truecount="2" falsecount="0"/>
      <line num="220" count="1" type="stmt"/>
      <line num="224" count="221" type="stmt"/>
      <line num="225" count="1098" type="cond" truecount="2" falsecount="0"/>
      <line num="226" count="877" type="stmt"/>
      <line num="227" count="877" type="cond" truecount="2" falsecount="0"/>
      <line num="228" count="43" type="stmt"/>
      <line num="229" count="52" type="cond" truecount="4" falsecount="1"/>
      <line num="230" count="52" type="cond" truecount="2" falsecount="0"/>
      <line num="233" count="834" type="cond" truecount="5" falsecount="0"/>
      <line num="234" count="162" type="cond" truecount="2" falsecount="0"/>
      <line num="239" count="221" type="cond" truecount="2" falsecount="0"/>
      <line num="240" count="8" type="stmt"/>
      <line num="244" count="7" type="stmt"/>
      <line num="246" count="7" type="stmt"/>
      <line num="247" count="7" type="stmt"/>
      <line num="248" count="7" type="stmt"/>
      <line num="249" count="7" type="stmt"/>
      <line num="257" count="7" type="cond" truecount="2" falsecount="0"/>
      <line num="258" count="1" type="stmt"/>
      <line num="259" count="1" type="stmt"/>
      <line num="261" count="6" type="cond" truecount="2" falsecount="0"/>
      <line num="262" count="1" type="stmt"/>
      <line num="263" count="1" type="stmt"/>
      <line num="267" count="7" type="stmt"/>
      <line num="270" count="1" type="stmt"/>
    </file>
    <file name="bktEngine.js" path="C:\Supreeth\Projects\cognitive-campus\server\services\bktEngine.js">
      <metrics statements="29" coveredstatements="29" conditionals="4" coveredconditionals="3" methods="8" coveredmethods="8"/>
      <line num="12" count="1" type="stmt"/>
      <line num="15" count="1" type="stmt"/>
      <line num="18" count="1" type="stmt"/>
      <line num="21" count="1" type="stmt"/>
      <line num="24" count="1" type="stmt"/>
      <line num="27" count="1" type="stmt"/>
      <line num="37" count="23" type="stmt"/>
      <line num="54" count="1" type="stmt"/>
      <line num="57" count="19" type="cond" truecount="2" falsecount="0"/>
      <line num="58" count="15" type="stmt"/>
      <line num="59" count="15" type="stmt"/>
      <line num="60" count="15" type="stmt"/>
      <line num="62" count="4" type="stmt"/>
      <line num="63" count="4" type="stmt"/>
      <line num="64" count="4" type="stmt"/>
      <line num="67" count="19" type="stmt"/>
      <line num="68" count="19" type="stmt"/>
      <line num="79" count="1" type="stmt"/>
      <line num="80" count="4" type="stmt"/>
      <line num="81" count="4" type="stmt"/>
      <line num="90" count="6" type="stmt"/>
      <line num="98" count="6" type="stmt"/>
      <line num="108" count="1" type="stmt"/>
      <line num="109" count="3" type="stmt"/>
      <line num="111" count="2" type="stmt"/>
      <line num="112" count="3" type="cond" truecount="1" falsecount="1"/>
      <line num="113" count="3" type="stmt"/>
      <line num="115" count="3" type="stmt"/>
      <line num="124" count="1" type="stmt"/>
    </file>
  </project>
</coverage>
