{"C:\\Supreeth\\Projects\\cognitive-campus\\server\\services\\astAnalyser.js": {"path":"C:\\Supreeth\\Projects\\cognitive-campus\\server\\services\\astAnalyser.js","statementMap":{"0":{"start":{"line":14,"column":14},"end":{"line":14,"column":30}},"1":{"start":{"line":22,"column":28},"end":{"line":31,"column":2}},"2":{"start":{"line":22,"column":53},"end":{"line":31,"column":1}},"3":{"start":{"line":39,"column":20},"end":{"line":48,"column":1}},"4":{"start":{"line":40,"column":18},"end":{"line":46,"column":3}},"5":{"start":{"line":47,"column":2},"end":{"line":47,"column":35}},"6":{"start":{"line":58,"column":16},"end":{"line":75,"column":1}},"7":{"start":{"line":59,"column":2},"end":{"line":59,"column":48}},"8":{"start":{"line":59,"column":41},"end":{"line":59,"column":48}},"9":{"start":{"line":61,"column":2},"end":{"line":61,"column":24}},"10":{"start":{"line":63,"column":2},"end":{"line":74,"column":3}},"11":{"start":{"line":64,"column":18},"end":{"line":64,"column":27}},"12":{"start":{"line":65,"column":4},"end":{"line":73,"column":5}},"13":{"start":{"line":66,"column":6},"end":{"line":70,"column":9}},"14":{"start":{"line":67,"column":8},"end":{"line":69,"column":9}},"15":{"start":{"line":68,"column":10},"end":{"line":68,"column":39}},"16":{"start":{"line":71,"column":11},"end":{"line":73,"column":5}},"17":{"start":{"line":72,"column":6},"end":{"line":72,"column":36}},"18":{"start":{"line":84,"column":34},"end":{"line":106,"column":1}},"19":{"start":{"line":86,"column":2},"end":{"line":89,"column":3}},"20":{"start":{"line":87,"column":4},"end":{"line":87,"column":58}},"21":{"start":{"line":87,"column":36},"end":{"line":87,"column":58}},"22":{"start":{"line":88,"column":4},"end":{"line":88,"column":58}},"23":{"start":{"line":88,"column":36},"end":{"line":88,"column":58}},"24":{"start":{"line":91,"column":2},"end":{"line":93,"column":3}},"25":{"start":{"line":92,"column":4},"end":{"line":92,"column":28}},"26":{"start":{"line":94,"column":2},"end":{"line":101,"column":3}},"27":{"start":{"line":100,"column":4},"end":{"line":100,"column":28}},"28":{"start":{"line":103,"column":2},"end":{"line":105,"column":3}},"29":{"start":{"line":104,"column":4},"end":{"line":104,"column":29}},"30":{"start":{"line":117,"column":26},"end":{"line":127,"column":1}},"31":{"start":{"line":118,"column":2},"end":{"line":118,"column":65}},"32":{"start":{"line":118,"column":46},"end":{"line":118,"column":65}},"33":{"start":{"line":119,"column":2},"end":{"line":119,"column":52}},"34":{"start":{"line":119,"column":25},"end":{"line":119,"column":52}},"35":{"start":{"line":120,"column":2},"end":{"line":120,"column":57}},"36":{"start":{"line":120,"column":26},"end":{"line":120,"column":57}},"37":{"start":{"line":121,"column":2},"end":{"line":123,"column":3}},"38":{"start":{"line":122,"column":4},"end":{"line":122,"column":30}},"39":{"start":{"line":124,"column":2},"end":{"line":124,"column":42}},"40":{"start":{"line":124,"column":26},"end":{"line":124,"column":42}},"41":{"start":{"line":125,"column":2},"end":{"line":125,"column":72}},"42":{"start":{"line":125,"column":43},"end":{"line":125,"column":72}},"43":{"start":{"line":126,"column":2},"end":{"line":126,"column":19}},"44":{"start":{"line":139,"column":20},"end":{"line":268,"column":1}},"45":{"start":{"line":142,"column":2},"end":{"line":146,"column":3}},"46":{"start":{"line":143,"column":4},"end":{"line":143,"column":57}},"47":{"start":{"line":145,"column":4},"end":{"line":145,"column":37}},"48":{"start":{"line":148,"column":17},"end":{"line":148,"column":43}},"49":{"start":{"line":149,"column":22},"end":{"line":149,"column":31}},"50":{"start":{"line":150,"column":23},"end":{"line":150,"column":32}},"51":{"start":{"line":151,"column":25},"end":{"line":151,"column":26}},"52":{"start":{"line":152,"column":21},"end":{"line":152,"column":22}},"53":{"start":{"line":155,"column":24},"end":{"line":155,"column":33}},"54":{"start":{"line":157,"column":2},"end":{"line":167,"column":5}},"55":{"start":{"line":158,"column":4},"end":{"line":160,"column":5}},"56":{"start":{"line":159,"column":6},"end":{"line":159,"column":44}},"57":{"start":{"line":161,"column":4},"end":{"line":166,"column":5}},"58":{"start":{"line":165,"column":6},"end":{"line":165,"column":44}},"59":{"start":{"line":171,"column":2},"end":{"line":181,"column":5}},"60":{"start":{"line":172,"column":4},"end":{"line":180,"column":5}},"61":{"start":{"line":179,"column":6},"end":{"line":179,"column":49}},"62":{"start":{"line":190,"column":18},"end":{"line":242,"column":3}},"63":{"start":{"line":191,"column":4},"end":{"line":191,"column":50}},"64":{"start":{"line":191,"column":43},"end":{"line":191,"column":50}},"65":{"start":{"line":194,"column":24},"end":{"line":194,"column":45}},"66":{"start":{"line":195,"column":4},"end":{"line":197,"column":5}},"67":{"start":{"line":196,"column":6},"end":{"line":196,"column":46}},"68":{"start":{"line":200,"column":21},"end":{"line":200,"column":43}},"69":{"start":{"line":201,"column":4},"end":{"line":205,"column":5}},"70":{"start":{"line":202,"column":6},"end":{"line":202,"column":32}},"71":{"start":{"line":203,"column":6},"end":{"line":203,"column":25}},"72":{"start":{"line":204,"column":6},"end":{"line":204,"column":62}},"73":{"start":{"line":208,"column":4},"end":{"line":210,"column":5}},"74":{"start":{"line":209,"column":6},"end":{"line":209,"column":52}},"75":{"start":{"line":213,"column":4},"end":{"line":221,"column":5}},"76":{"start":{"line":220,"column":6},"end":{"line":220,"column":33}},"77":{"start":{"line":224,"column":4},"end":{"line":236,"column":5}},"78":{"start":{"line":225,"column":6},"end":{"line":225,"column":35}},"79":{"start":{"line":225,"column":26},"end":{"line":225,"column":35}},"80":{"start":{"line":226,"column":20},"end":{"line":226,"column":29}},"81":{"start":{"line":227,"column":6},"end":{"line":235,"column":7}},"82":{"start":{"line":228,"column":8},"end":{"line":232,"column":11}},"83":{"start":{"line":229,"column":10},"end":{"line":231,"column":11}},"84":{"start":{"line":230,"column":12},"end":{"line":230,"column":67}},"85":{"start":{"line":233,"column":13},"end":{"line":235,"column":7}},"86":{"start":{"line":234,"column":8},"end":{"line":234,"column":64}},"87":{"start":{"line":239,"column":4},"end":{"line":241,"column":5}},"88":{"start":{"line":240,"column":6},"end":{"line":240,"column":25}},"89":{"start":{"line":244,"column":2},"end":{"line":244,"column":28}},"90":{"start":{"line":246,"column":2},"end":{"line":246,"column":38}},"91":{"start":{"line":247,"column":2},"end":{"line":247,"column":37}},"92":{"start":{"line":248,"column":2},"end":{"line":248,"column":49}},"93":{"start":{"line":249,"column":2},"end":{"line":254,"column":4}},"94":{"start":{"line":257,"column":2},"end":{"line":265,"column":3}},"95":{"start":{"line":258,"column":4},"end":{"line":258,"column":38}},"96":{"start":{"line":259,"column":4},"end":{"line":260,"column":63}},"97":{"start":{"line":261,"column":9},"end":{"line":265,"column":3}},"98":{"start":{"line":262,"column":4},"end":{"line":262,"column":38}},"99":{"start":{"line":263,"column":4},"end":{"line":264,"column":86}},"100":{"start":{"line":267,"column":2},"end":{"line":267,"column":16}},"101":{"start":{"line":270,"column":0},"end":{"line":270,"column":33}}},"fnMap":{"0":{"name":"(anonymous_0)","decl":{"start":{"line":22,"column":28},"end":{"line":22,"column":29}},"loc":{"start":{"line":22,"column":53},"end":{"line":31,"column":1}},"line":22},"1":{"name":"(anonymous_1)","decl":{"start":{"line":39,"column":20},"end":{"line":39,"column":21}},"loc":{"start":{"line":39,"column":34},"end":{"line":48,"column":1}},"line":39},"2":{"name":"(anonymous_2)","decl":{"start":{"line":58,"column":16},"end":{"line":58,"column":17}},"loc":{"start":{"line":58,"column":50},"end":{"line":75,"column":1}},"line":58},"3":{"name":"(anonymous_3)","decl":{"start":{"line":66,"column":20},"end":{"line":66,"column":21}},"loc":{"start":{"line":66,"column":30},"end":{"line":70,"column":7}},"line":66},"4":{"name":"(anonymous_4)","decl":{"start":{"line":84,"column":34},"end":{"line":84,"column":35}},"loc":{"start":{"line":84,"column":56},"end":{"line":106,"column":1}},"line":84},"5":{"name":"(anonymous_5)","decl":{"start":{"line":117,"column":26},"end":{"line":117,"column":27}},"loc":{"start":{"line":117,"column":90},"end":{"line":127,"column":1}},"line":117},"6":{"name":"(anonymous_6)","decl":{"start":{"line":139,"column":20},"end":{"line":139,"column":21}},"loc":{"start":{"line":139,"column":36},"end":{"line":268,"column":1}},"line":139},"7":{"name":"(anonymous_7)","decl":{"start":{"line":157,"column":15},"end":{"line":157,"column":16}},"loc":{"start":{"line":157,"column":25},"end":{"line":167,"column":3}},"line":157},"8":{"name":"(anonymous_8)","decl":{"start":{"line":171,"column":15},"end":{"line":171,"column":16}},"loc":{"start":{"line":171,"column":25},"end":{"line":181,"column":3}},"line":171},"9":{"name":"(anonymous_9)","decl":{"start":{"line":190,"column":18},"end":{"line":190,"column":19}},"loc":{"start":{"line":190,"column":63},"end":{"line":242,"column":3}},"line":190},"10":{"name":"(anonymous_10)","decl":{"start":{"line":228,"column":22},"end":{"line":228,"column":23}},"loc":{"start":{"line":228,"column":32},"end":{"line":232,"column":9}},"line":228}},"branchMap":{"0":{"loc":{"start":{"line":22,"column":29},"end":{"line":22,"column":47}},"type":"default-arg","locations":[{"start":{"line":22,"column":42},"end":{"line":22,"column":47}}],"line":22},"1":{"loc":{"start":{"line":47,"column":9},"end":{"line":47,"column":34}},"type":"binary-expr","locations":[{"start":{"line":47,"column":9},"end":{"line":47,"column":26}},{"start":{"line":47,"column":30},"end":{"line":47,"column":34}}],"line":47},"2":{"loc":{"start":{"line":58,"column":32},"end":{"line":58,"column":45}},"type":"default-arg","locations":[{"start":{"line":58,"column":41},"end":{"line":58,"column":45}}],"line":58},"3":{"loc":{"start":{"line":59,"column":2},"end":{"line":59,"column":48}},"type":"if","locations":[{"start":{"line":59,"column":2},"end":{"line":59,"column":48}},{"start":{},"end":{}}],"line":59},"4":{"loc":{"start":{"line":59,"column":6},"end":{"line":59,"column":39}},"type":"binary-expr","locations":[{"start":{"line":59,"column":6},"end":{"line":59,"column":11}},{"start":{"line":59,"column":15},"end":{"line":59,"column":39}}],"line":59},"5":{"loc":{"start":{"line":65,"column":4},"end":{"line":73,"column":5}},"type":"if","locations":[{"start":{"line":65,"column":4},"end":{"line":73,"column":5}},{"start":{"line":71,"column":11},"end":{"line":73,"column":5}}],"line":65},"6":{"loc":{"start":{"line":67,"column":8},"end":{"line":69,"column":9}},"type":"if","locations":[{"start":{"line":67,"column":8},"end":{"line":69,"column":9}},{"start":{},"end":{}}],"line":67},"7":{"loc":{"start":{"line":67,"column":12},"end":{"line":67,"column":57}},"type":"binary-expr","locations":[{"start":{"line":67,"column":12},"end":{"line":67,"column":16}},{"start":{"line":67,"column":20},"end":{"line":67,"column":44}},{"start":{"line":67,"column":48},"end":{"line":67,"column":57}}],"line":67},"8":{"loc":{"start":{"line":71,"column":11},"end":{"line":73,"column":5}},"type":"if","locations":[{"start":{"line":71,"column":11},"end":{"line":73,"column":5}},{"start":{},"end":{}}],"line":71},"9":{"loc":{"start":{"line":71,"column":15},"end":{"line":71,"column":63}},"type":"binary-expr","locations":[{"start":{"line":71,"column":15},"end":{"line":71,"column":20}},{"start":{"line":71,"column":24},"end":{"line":71,"column":49}},{"start":{"line":71,"column":53},"end":{"line":71,"column":63}}],"line":71},"10":{"loc":{"start":{"line":86,"column":2},"end":{"line":89,"column":3}},"type":"if","locations":[{"start":{"line":86,"column":2},"end":{"line":89,"column":3}},{"start":{},"end":{}}],"line":86},"11":{"loc":{"start":{"line":86,"column":6},"end":{"line":86,"column":87}},"type":"binary-expr","locations":[{"start":{"line":86,"column":6},"end":{"line":86,"column":35}},{"start":{"line":86,"column":39},"end":{"line":86,"column":50}},{"start":{"line":86,"column":54},"end":{"line":86,"column":87}}],"line":86},"12":{"loc":{"start":{"line":87,"column":4},"end":{"line":87,"column":58}},"type":"if","locations":[{"start":{"line":87,"column":4},"end":{"line":87,"column":58}},{"start":{},"end":{}}],"line":87},"13":{"loc":{"start":{"line":88,"column":4},"end":{"line":88,"column":58}},"type":"if","locations":[{"start":{"line":88,"column":4},"end":{"line":88,"column":58}},{"start":{},"end":{}}],"line":88},"14":{"loc":{"start":{"line":91,"column":2},"end":{"line":93,"column":3}},"type":"if","locations":[{"start":{"line":91,"column":2},"end":{"line":93,"column":3}},{"start":{},"end":{}}],"line":91},"15":{"loc":{"start":{"line":94,"column":2},"end":{"line":101,"column":3}},"type":"if","locations":[{"start":{"line":94,"column":2},"end":{"line":101,"column":3}},{"start":{},"end":{}}],"line":94},"16":{"loc":{"start":{"line":95,"column":4},"end":{"line":98,"column":32}},"type":"binary-expr","locations":[{"start":{"line":95,"column":4},"end":{"line":95,"column":34}},{"start":{"line":96,"column":4},"end":{"line":96,"column":15}},{"start":{"line":97,"column":4},"end":{"line":97,"column":37}},{"start":{"line":98,"column":4},"end":{"line":98,"column":32}}],"line":95},"17":{"loc":{"start":{"line":103,"column":2},"end":{"line":105,"column":3}},"type":"if","locations":[{"start":{"line":103,"column":2},"end":{"line":105,"column":3}},{"start":{},"end":{}}],"line":103},"18":{"loc":{"start":{"line":118,"column":2},"end":{"line":118,"column":65}},"type":"if","locations":[{"start":{"line":118,"column":2},"end":{"line":118,"column":65}},{"start":{},"end":{}}],"line":118},"19":{"loc":{"start":{"line":118,"column":6},"end":{"line":118,"column":44}},"type":"binary-expr","locations":[{"start":{"line":118,"column":6},"end":{"line":118,"column":18}},{"start":{"line":118,"column":22},"end":{"line":118,"column":44}}],"line":118},"20":{"loc":{"start":{"line":119,"column":2},"end":{"line":119,"column":52}},"type":"if","locations":[{"start":{"line":119,"column":2},"end":{"line":119,"column":52}},{"start":{},"end":{}}],"line":119},"21":{"loc":{"start":{"line":120,"column":2},"end":{"line":120,"column":57}},"type":"if","locations":[{"start":{"line":120,"column":2},"end":{"line":120,"column":57}},{"start":{},"end":{}}],"line":120},"22":{"loc":{"start":{"line":121,"column":2},"end":{"line":123,"column":3}},"type":"if","locations":[{"start":{"line":121,"column":2},"end":{"line":123,"column":3}},{"start":{},"end":{}}],"line":121},"23":{"loc":{"start":{"line":121,"column":6},"end":{"line":121,"column":104}},"type":"binary-expr","locations":[{"start":{"line":121,"column":6},"end":{"line":121,"column":24}},{"start":{"line":121,"column":29},"end":{"line":121,"column":64}},{"start":{"line":121,"column":68},"end":{"line":121,"column":103}}],"line":121},"24":{"loc":{"start":{"line":124,"column":2},"end":{"line":124,"column":42}},"type":"if","locations":[{"start":{"line":124,"column":2},"end":{"line":124,"column":42}},{"start":{},"end":{}}],"line":124},"25":{"loc":{"start":{"line":125,"column":2},"end":{"line":125,"column":72}},"type":"if","locations":[{"start":{"line":125,"column":2},"end":{"line":125,"column":72}},{"start":{},"end":{}}],"line":125},"26":{"loc":{"start":{"line":125,"column":6},"end":{"line":125,"column":41}},"type":"binary-expr","locations":[{"start":{"line":125,"column":6},"end":{"line":125,"column":24}},{"start":{"line":125,"column":28},"end":{"line":125,"column":41}}],"line":125},"27":{"loc":{"start":{"line":158,"column":4},"end":{"line":160,"column":5}},"type":"if","locations":[{"start":{"line":158,"column":4},"end":{"line":160,"column":5}},{"start":{},"end":{}}],"line":158},"28":{"loc":{"start":{"line":158,"column":8},"end":{"line":158,"column":54}},"type":"binary-expr","locations":[{"start":{"line":158,"column":8},"end":{"line":158,"column":43}},{"start":{"line":158,"column":47},"end":{"line":158,"column":54}}],"line":158},"29":{"loc":{"start":{"line":161,"column":4},"end":{"line":166,"column":5}},"type":"if","locations":[{"start":{"line":161,"column":4},"end":{"line":166,"column":5}},{"start":{},"end":{}}],"line":161},"30":{"loc":{"start":{"line":162,"column":6},"end":{"line":163,"column":13}},"type":"binary-expr","locations":[{"start":{"line":162,"column":7},"end":{"line":162,"column":41}},{"start":{"line":162,"column":45},"end":{"line":162,"column":84}},{"start":{"line":163,"column":6},"end":{"line":163,"column":13}}],"line":162},"31":{"loc":{"start":{"line":172,"column":4},"end":{"line":180,"column":5}},"type":"if","locations":[{"start":{"line":172,"column":4},"end":{"line":180,"column":5}},{"start":{},"end":{}}],"line":172},"32":{"loc":{"start":{"line":173,"column":6},"end":{"line":177,"column":95}},"type":"binary-expr","locations":[{"start":{"line":173,"column":6},"end":{"line":173,"column":40}},{"start":{"line":174,"column":6},"end":{"line":174,"column":13}},{"start":{"line":175,"column":6},"end":{"line":175,"column":35}},{"start":{"line":176,"column":6},"end":{"line":176,"column":15}},{"start":{"line":177,"column":7},"end":{"line":177,"column":46}},{"start":{"line":177,"column":50},"end":{"line":177,"column":94}}],"line":173},"33":{"loc":{"start":{"line":191,"column":4},"end":{"line":191,"column":50}},"type":"if","locations":[{"start":{"line":191,"column":4},"end":{"line":191,"column":50}},{"start":{},"end":{}}],"line":191},"34":{"loc":{"start":{"line":191,"column":8},"end":{"line":191,"column":41}},"type":"binary-expr","locations":[{"start":{"line":191,"column":8},"end":{"line":191,"column":13}},{"start":{"line":191,"column":17},"end":{"line":191,"column":41}}],"line":191},"35":{"loc":{"start":{"line":195,"column":4},"end":{"line":197,"column":5}},"type":"if","locations":[{"start":{"line":195,"column":4},"end":{"line":197,"column":5}},{"start":{},"end":{}}],"line":195},"36":{"loc":{"start":{"line":201,"column":4},"end":{"line":205,"column":5}},"type":"if","locations":[{"start":{"line":201,"column":4},"end":{"line":205,"column":5}},{"start":{},"end":{}}],"line":201},"37":{"loc":{"start":{"line":208,"column":4},"end":{"line":210,"column":5}},"type":"if","locations":[{"start":{"line":208,"column":4},"end":{"line":210,"column":5}},{"start":{},"end":{}}],"line":208},"38":{"loc":{"start":{"line":208,"column":8},"end":{"line":208,"column":30}},"type":"binary-expr","locations":[{"start":{"line":208,"column":8},"end":{"line":208,"column":18}},{"start":{"line":208,"column":22},"end":{"line":208,"column":30}}],"line":208},"39":{"loc":{"start":{"line":213,"column":4},"end":{"line":221,"column":5}},"type":"if","locations":[{"start":{"line":213,"column":4},"end":{"line":221,"column":5}},{"start":{},"end":{}}],"line":213},"40":{"loc":{"start":{"line":214,"column":6},"end":{"line":218,"column":40}},"type":"binary-expr","locations":[{"start":{"line":214,"column":6},"end":{"line":214,"column":36}},{"start":{"line":215,"column":6},"end":{"line":215,"column":17}},{"start":{"line":216,"column":6},"end":{"line":216,"column":39}},{"start":{"line":217,"column":6},"end":{"line":217,"column":19}},{"start":{"line":218,"column":6},"end":{"line":218,"column":40}}],"line":214},"41":{"loc":{"start":{"line":225,"column":6},"end":{"line":225,"column":35}},"type":"if","locations":[{"start":{"line":225,"column":6},"end":{"line":225,"column":35}},{"start":{},"end":{}}],"line":225},"42":{"loc":{"start":{"line":227,"column":6},"end":{"line":235,"column":7}},"type":"if","locations":[{"start":{"line":227,"column":6},"end":{"line":235,"column":7}},{"start":{"line":233,"column":13},"end":{"line":235,"column":7}}],"line":227},"43":{"loc":{"start":{"line":229,"column":10},"end":{"line":231,"column":11}},"type":"if","locations":[{"start":{"line":229,"column":10},"end":{"line":231,"column":11}},{"start":{},"end":{}}],"line":229},"44":{"loc":{"start":{"line":229,"column":14},"end":{"line":229,"column":59}},"type":"binary-expr","locations":[{"start":{"line":229,"column":14},"end":{"line":229,"column":18}},{"start":{"line":229,"column":22},"end":{"line":229,"column":46}},{"start":{"line":229,"column":50},"end":{"line":229,"column":59}}],"line":229},"45":{"loc":{"start":{"line":230,"column":26},"end":{"line":230,"column":50}},"type":"binary-expr","locations":[{"start":{"line":230,"column":26},"end":{"line":230,"column":36}},{"start":{"line":230,"column":40},"end":{"line":230,"column":50}}],"line":230},"46":{"loc":{"start":{"line":233,"column":13},"end":{"line":235,"column":7}},"type":"if","locations":[{"start":{"line":233,"column":13},"end":{"line":235,"column":7}},{"start":{},"end":{}}],"line":233},"47":{"loc":{"start":{"line":233,"column":17},"end":{"line":233,"column":65}},"type":"binary-expr","locations":[{"start":{"line":233,"column":17},"end":{"line":233,"column":22}},{"start":{"line":233,"column":26},"end":{"line":233,"column":51}},{"start":{"line":233,"column":55},"end":{"line":233,"column":65}}],"line":233},"48":{"loc":{"start":{"line":234,"column":23},"end":{"line":234,"column":47}},"type":"binary-expr","locations":[{"start":{"line":234,"column":23},"end":{"line":234,"column":33}},{"start":{"line":234,"column":37},"end":{"line":234,"column":47}}],"line":234},"49":{"loc":{"start":{"line":239,"column":4},"end":{"line":241,"column":5}},"type":"if","locations":[{"start":{"line":239,"column":4},"end":{"line":241,"column":5}},{"start":{},"end":{}}],"line":239},"50":{"loc":{"start":{"line":257,"column":2},"end":{"line":265,"column":3}},"type":"if","locations":[{"start":{"line":257,"column":2},"end":{"line":265,"column":3}},{"start":{"line":261,"column":9},"end":{"line":265,"column":3}}],"line":257},"51":{"loc":{"start":{"line":261,"column":9},"end":{"line":265,"column":3}},"type":"if","locations":[{"start":{"line":261,"column":9},"end":{"line":265,"column":3}},{"start":{},"end":{}}],"line":261}},"s":{"0":1,"1":1,"2":8,"3":1,"4":221,"5":221,"6":1,"7":442,"8":0,"9":442,"10":442,"11":2196,"12":2196,"13":86,"14":104,"15":104,"16":2110,"17":324,"18":1,"19":157,"20":1,"21":1,"22":1,"23":0,"24":157,"25":1,"26":157,"27":0,"28":157,"29":0,"30":1,"31":7,"32":1,"33":6,"34":1,"35":5,"36":1,"37":4,"38":1,"39":3,"40":2,"41":1,"42":1,"43":0,"44":1,"45":8,"46":8,"47":1,"48":7,"49":7,"50":7,"51":7,"52":7,"53":7,"54":7,"55":221,"56":7,"57":221,"58":0,"59":7,"60":221,"61":0,"62":7,"63":221,"64":0,"65":221,"66":221,"67":7,"68":221,"69":221,"70":8,"71":8,"72":8,"73":221,"74":157,"75":221,"76":1,"77":221,"78":1098,"79":221,"80":877,"81":877,"82":43,"83":52,"84":52,"85":834,"86":162,"87":221,"88":8,"89":7,"90":7,"91":7,"92":7,"93":7,"94":7,"95":1,"96":1,"97":6,"98":1,"99":1,"100":7,"101":1},"f":{"0":8,"1":221,"2":442,"3":104,"4":157,"5":7,"6":8,"7":221,"8":221,"9":221,"10":52},"b":{"0":[0],"1":[221,213],"2":[14],"3":[0,442],"4":[442,442],"5":[86,2110],"6":[104,0],"7":[104,104,104],"8":[324,1786],"9":[2110,1958,324],"10":[1,156],"11":[157,1,1],"12":[1,0],"13":[0,1],"14":[1,156],"15":[0,157],"16":[157,1,1,0],"17":[0,157],"18":[1,6],"19":[7,1],"20":[1,5],"21":[1,4],"22":[1,3],"23":[4,3,2],"24":[2,1],"25":[1,0],"26":[1,1],"27":[7,214],"28":[221,7],"29":[0,221],"30":[221,221,0],"31":[0,221],"32":[221,10,10,10,10,10],"33":[0,221],"34":[221,221],"35":[7,214],"36":[8,213],"37":[157,64],"38":[221,69],"39":[1,220],"40":[221,2,2,1,1],"41":[221,877],"42":[43,834],"43":[52,0],"44":[52,52,52],"45":[52,30],"46":[162,672],"47":[834,758,162],"48":[162,50],"49":[8,213],"50":[1,6],"51":[1,5]},"_coverageSchema":"1a1c01bbd47fc00a2c39e90264f33305004495a9","hash":"bc3d8a46589b5d37630ed70f85ac6f4c285be6ea"}
,"C:\\Supreeth\\Projects\\cognitive-campus\\server\\services\\bktEngine.js": {"path":"C:\\Supreeth\\Projects\\cognitive-campus\\server\\services\\bktEngine.js","statementMap":{"0":{"start":{"line":12,"column":13},"end":{"line":12,"column":16}},"1":{"start":{"line":15,"column":12},"end":{"line":15,"column":16}},"2":{"start":{"line":18,"column":12},"end":{"line":18,"column":15}},"3":{"start":{"line":21,"column":12},"end":{"line":21,"column":15}},"4":{"start":{"line":24,"column":26},"end":{"line":24,"column":30}},"5":{"start":{"line":27,"column":25},"end":{"line":27,"column":29}},"6":{"start":{"line":37,"column":14},"end":{"line":37,"column":70}},"7":{"start":{"line":37,"column":35},"end":{"line":37,"column":70}},"8":{"start":{"line":54,"column":22},"end":{"line":69,"column":1}},"9":{"start":{"line":57,"column":2},"end":{"line":65,"column":3}},"10":{"start":{"line":58,"column":22},"end":{"line":58,"column":49}},"11":{"start":{"line":59,"column":24},"end":{"line":59,"column":85}},"12":{"start":{"line":60,"column":4},"end":{"line":60,"column":39}},"13":{"start":{"line":62,"column":22},"end":{"line":62,"column":43}},"14":{"start":{"line":63,"column":24},"end":{"line":63,"column":85}},"15":{"start":{"line":64,"column":4},"end":{"line":64,"column":39}},"16":{"start":{"line":67,"column":21},"end":{"line":67,"column":52}},"17":{"start":{"line":68,"column":2},"end":{"line":68,"column":33}},"18":{"start":{"line":79,"column":25},"end":{"line":82,"column":1}},"19":{"start":{"line":80,"column":19},"end":{"line":80,"column":49}},"20":{"start":{"line":81,"column":2},"end":{"line":81,"column":31}},"21":{"start":{"line":90,"column":19},"end":{"line":90,"column":62}},"22":{"start":{"line":90,"column":33},"end":{"line":90,"column":62}},"23":{"start":{"line":98,"column":21},"end":{"line":98,"column":63}},"24":{"start":{"line":98,"column":35},"end":{"line":98,"column":63}},"25":{"start":{"line":108,"column":27},"end":{"line":122,"column":1}},"26":{"start":{"line":109,"column":19},"end":{"line":109,"column":87}},"27":{"start":{"line":109,"column":54},"end":{"line":109,"column":85}},"28":{"start":{"line":111,"column":2},"end":{"line":121,"column":5}},"29":{"start":{"line":112,"column":28},"end":{"line":112,"column":64}},"30":{"start":{"line":113,"column":24},"end":{"line":113,"column":72}},"31":{"start":{"line":115,"column":4},"end":{"line":120,"column":6}},"32":{"start":{"line":124,"column":0},"end":{"line":136,"column":2}}},"fnMap":{"0":{"name":"(anonymous_0)","decl":{"start":{"line":37,"column":14},"end":{"line":37,"column":15}},"loc":{"start":{"line":37,"column":35},"end":{"line":37,"column":70}},"line":37},"1":{"name":"(anonymous_1)","decl":{"start":{"line":54,"column":22},"end":{"line":54,"column":23}},"loc":{"start":{"line":54,"column":54},"end":{"line":69,"column":1}},"line":54},"2":{"name":"(anonymous_2)","decl":{"start":{"line":79,"column":25},"end":{"line":79,"column":26}},"loc":{"start":{"line":79,"column":50},"end":{"line":82,"column":1}},"line":79},"3":{"name":"(anonymous_3)","decl":{"start":{"line":90,"column":19},"end":{"line":90,"column":20}},"loc":{"start":{"line":90,"column":33},"end":{"line":90,"column":62}},"line":90},"4":{"name":"(anonymous_4)","decl":{"start":{"line":98,"column":21},"end":{"line":98,"column":22}},"loc":{"start":{"line":98,"column":35},"end":{"line":98,"column":63}},"line":98},"5":{"name":"(anonymous_5)","decl":{"start":{"line":108,"column":27},"end":{"line":108,"column":28}},"loc":{"start":{"line":108,"column":63},"end":{"line":122,"column":1}},"line":108},"6":{"name":"(anonymous_6)","decl":{"start":{"line":109,"column":43},"end":{"line":109,"column":44}},"loc":{"start":{"line":109,"column":54},"end":{"line":109,"column":85}},"line":109},"7":{"name":"(anonymous_7)","decl":{"start":{"line":111,"column":31},"end":{"line":111,"column":32}},"loc":{"start":{"line":111,"column":43},"end":{"line":121,"column":3}},"line":111}},"branchMap":{"0":{"loc":{"start":{"line":57,"column":2},"end":{"line":65,"column":3}},"type":"if","locations":[{"start":{"line":57,"column":2},"end":{"line":65,"column":3}},{"start":{"line":61,"column":9},"end":{"line":65,"column":3}}],"line":57},"1":{"loc":{"start":{"line":112,"column":28},"end":{"line":112,"column":64}},"type":"binary-expr","locations":[{"start":{"line":112,"column":28},"end":{"line":112,"column":56}},{"start":{"line":112,"column":60},"end":{"line":112,"column":64}}],"line":112}},"s":{"0":1,"1":1,"2":1,"3":1,"4":1,"5":1,"6":1,"7":23,"8":1,"9":19,"10":15,"11":15,"12":15,"13":4,"14":4,"15":4,"16":19,"17":19,"18":1,"19":4,"20":4,"21":1,"22":6,"23":1,"24":6,"25":1,"26":2,"27":3,"28":2,"29":3,"30":3,"31":3,"32":1},"f":{"0":23,"1":19,"2":4,"3":6,"4":6,"5":2,"6":3,"7":3},"b":{"0":[15,4],"1":[3,0]},"_coverageSchema":"1a1c01bbd47fc00a2c39e90264f33305004495a9","hash":"2d028eb461432d32587d7bdc8c290ee4a366b5f7"}
}
