TN:
SF:services\astAnalyser.js
FN:22,(anonymous_0)
FN:39,(anonymous_1)
FN:58,(anonymous_2)
FN:66,(anonymous_3)
FN:84,(anonymous_4)
FN:117,(anonymous_5)
FN:139,(anonymous_6)
FN:157,(anonymous_7)
FN:171,(anonymous_8)
FN:190,(anonymous_9)
FN:228,(anonymous_10)
FNF:11
FNH:11
FNDA:8,(anonymous_0)
FNDA:221,(anonymous_1)
FNDA:442,(anonymous_2)
FNDA:104,(anonymous_3)
FNDA:157,(anonymous_4)
FNDA:7,(anonymous_5)
FNDA:8,(anonymous_6)
FNDA:221,(anonymous_7)
FNDA:221,(anonymous_8)
FNDA:221,(anonymous_9)
FNDA:52,(anonymous_10)
DA:14,1
DA:22,8
DA:39,1
DA:40,221
DA:47,221
DA:58,1
DA:59,442
DA:61,442
DA:63,442
DA:64,2196
DA:65,2196
DA:66,86
DA:67,104
DA:68,104
DA:71,2110
DA:72,324
DA:84,1
DA:86,157
DA:87,1
DA:88,1
DA:91,157
DA:92,1
DA:94,157
DA:100,0
DA:103,157
DA:104,0
DA:117,1
DA:118,7
DA:119,6
DA:120,5
DA:121,4
DA:122,1
DA:124,3
DA:125,1
DA:126,0
DA:139,1
DA:142,8
DA:143,8
DA:145,1
DA:148,7
DA:149,7
DA:150,7
DA:151,7
DA:152,7
DA:155,7
DA:157,7
DA:158,221
DA:159,7
DA:161,221
DA:165,0
DA:171,7
DA:172,221
DA:179,0
DA:190,7
DA:191,221
DA:194,221
DA:195,221
DA:196,7
DA:200,221
DA:201,221
DA:202,8
DA:203,8
DA:204,8
DA:208,221
DA:209,157
DA:213,221
DA:220,1
DA:224,221
DA:225,1098
DA:226,877
DA:227,877
DA:228,43
DA:229,52
DA:230,52
DA:233,834
DA:234,162
DA:239,221
DA:240,8
DA:244,7
DA:246,7
DA:247,7
DA:248,7
DA:249,7
DA:257,7
DA:258,1
DA:259,1
DA:261,6
DA:262,1
DA:263,1
DA:267,7
DA:270,1
LF:91
LH:86
BRDA:22,0,0,0
BRDA:47,1,0,221
BRDA:47,1,1,213
BRDA:58,2,0,14
BRDA:59,3,0,0
BRDA:59,3,1,442
BRDA:59,4,0,442
BRDA:59,4,1,442
BRDA:65,5,0,86
BRDA:65,5,1,2110
BRDA:67,6,0,104
BRDA:67,6,1,0
BRDA:67,7,0,104
BRDA:67,7,1,104
BRDA:67,7,2,104
BRDA:71,8,0,324
BRDA:71,8,1,1786
BRDA:71,9,0,2110
BRDA:71,9,1,1958
BRDA:71,9,2,324
BRDA:86,10,0,1
BRDA:86,10,1,156
BRDA:86,11,0,157
BRDA:86,11,1,1
BRDA:86,11,2,1
BRDA:87,12,0,1
BRDA:87,12,1,0
BRDA:88,13,0,0
BRDA:88,13,1,1
BRDA:91,14,0,1
BRDA:91,14,1,156
BRDA:94,15,0,0
BRDA:94,15,1,157
BRDA:95,16,0,157
BRDA:95,16,1,1
BRDA:95,16,2,1
BRDA:95,16,3,0
BRDA:103,17,0,0
BRDA:103,17,1,157
BRDA:118,18,0,1
BRDA:118,18,1,6
BRDA:118,19,0,7
BRDA:118,19,1,1
BRDA:119,20,0,1
BRDA:119,20,1,5
BRDA:120,21,0,1
BRDA:120,21,1,4
BRDA:121,22,0,1
BRDA:121,22,1,3
BRDA:121,23,0,4
BRDA:121,23,1,3
BRDA:121,23,2,2
BRDA:124,24,0,2
BRDA:124,24,1,1
BRDA:125,25,0,1
BRDA:125,25,1,0
BRDA:125,26,0,1
BRDA:125,26,1,1
BRDA:158,27,0,7
BRDA:158,27,1,214
BRDA:158,28,0,221
BRDA:158,28,1,7
BRDA:161,29,0,0
BRDA:161,29,1,221
BRDA:162,30,0,221
BRDA:162,30,1,221
BRDA:162,30,2,0
BRDA:172,31,0,0
BRDA:172,31,1,221
BRDA:173,32,0,221
BRDA:173,32,1,10
BRDA:173,32,2,10
BRDA:173,32,3,10
BRDA:173,32,4,10
BRDA:173,32,5,10
BRDA:191,33,0,0
BRDA:191,33,1,221
BRDA:191,34,0,221
BRDA:191,34,1,221
BRDA:195,35,0,7
BRDA:195,35,1,214
BRDA:201,36,0,8
BRDA:201,36,1,213
BRDA:208,37,0,157
BRDA:208,37,1,64
BRDA:208,38,0,221
BRDA:208,38,1,69
BRDA:213,39,0,1
BRDA:213,39,1,220
BRDA:214,40,0,221
BRDA:214,40,1,2
BRDA:214,40,2,2
BRDA:214,40,3,1
BRDA:214,40,4,1
BRDA:225,41,0,221
BRDA:225,41,1,877
BRDA:227,42,0,43
BRDA:227,42,1,834
BRDA:229,43,0,52
BRDA:229,43,1,0
BRDA:229,44,0,52
BRDA:229,44,1,52
BRDA:229,44,2,52
BRDA:230,45,0,52
BRDA:230,45,1,30
BRDA:233,46,0,162
BRDA:233,46,1,672
BRDA:233,47,0,834
BRDA:233,47,1,758
BRDA:233,47,2,162
BRDA:234,48,0,162
BRDA:234,48,1,50
BRDA:239,49,0,8
BRDA:239,49,1,213
BRDA:257,50,0,1
BRDA:257,50,1,6
BRDA:261,51,0,1
BRDA:261,51,1,5
BRF:118
BRH:104
end_of_record
TN:
SF:services\bktEngine.js
FN:37,(anonymous_0)
FN:54,(anonymous_1)
FN:79,(anonymous_2)
FN:90,(anonymous_3)
FN:98,(anonymous_4)
FN:108,(anonymous_5)
FN:109,(anonymous_6)
FN:111,(anonymous_7)
FNF:8
FNH:8
FNDA:23,(anonymous_0)
FNDA:19,(anonymous_1)
FNDA:4,(anonymous_2)
FNDA:6,(anonymous_3)
FNDA:6,(anonymous_4)
FNDA:2,(anonymous_5)
FNDA:3,(anonymous_6)
FNDA:3,(anonymous_7)
DA:12,1
DA:15,1
DA:18,1
DA:21,1
DA:24,1
DA:27,1
DA:37,23
DA:54,1
DA:57,19
DA:58,15
DA:59,15
DA:60,15
DA:62,4
DA:63,4
DA:64,4
DA:67,19
DA:68,19
DA:79,1
DA:80,4
DA:81,4
DA:90,6
DA:98,6
DA:108,1
DA:109,3
DA:111,2
DA:112,3
DA:113,3
DA:115,3
DA:124,1
LF:29
LH:29
BRDA:57,0,0,15
BRDA:57,0,1,4
BRDA:112,1,0,3
BRDA:112,1,1,0
BRF:4
BRH:3
end_of_record
